TN:
SF:src/index.tsx
FNF:0
FNH:0
DA:5,0
LF:1
LH:0
BRF:0
BRH:0
end_of_record
TN:
SF:src/components/card/index.tsx
FN:6,(anonymous_0)
FN:14,(anonymous_1)
FNF:2
FNH:2
FNDA:9,(anonymous_0)
FNDA:9,(anonymous_1)
DA:6,9
DA:14,1
DA:15,9
LF:3
LH:3
BRF:0
BRH:0
end_of_record
TN:
SF:src/containers/app/index.tsx
FN:6,App
FN:9,(anonymous_1)
FN:11,(anonymous_2)
FN:12,(anonymous_3)
FN:13,(anonymous_4)
FN:22,(anonymous_5)
FNF:6
FNH:6
FNDA:2,App
FNDA:1,(anonymous_1)
FNDA:1,(anonymous_2)
FNDA:1,(anonymous_3)
FNDA:8,(anonymous_4)
FNDA:9,(anonymous_5)
DA:7,2
DA:9,2
DA:10,1
DA:11,1
DA:13,1
DA:14,8
DA:16,1
DA:20,2
DA:23,9
LF:9
LH:9
BRF:0
BRH:0
end_of_record
TN:
SF:src/types/card.types.ts
FNF:0
FNH:0
LF:0
LH:0
BRF:0
BRH:0
end_of_record
